nohup: ignoring input

> iscansystem@1.0.0 start
> node server.js

◇ injected env (10) from .env // tip: ⌘ suppress logs { quiet: true }
Connecting to MongoDB...
MongoDB connected.
MongoDB connected.
ISCAN running on port 3000
Health Check: /health
Environment: development
PID: 29053
SERVER ERROR: Error: listen EADDRINUSE: address already in use 0.0.0.0:3000
    at Server.setupListenHandle [as _listen2] (node:net:2008:16)
    at listenInCluster (node:net:2065:12)
    at node:net:2274:7
    at process.processTicksAndRejections (node:internal/process/task_queues:90:21) {
  code: 'EADDRINUSE',
  errno: -98,
  syscall: 'listen',
  address: '0.0.0.0',
  port: 3000
}
